101_1.wsq: is A; nn: hyp R, conf 0.58; conup n; hyp R, conf 0.58; wrong
101_2.wsq: is A; nn: hyp R, conf 0.64; conup n; hyp R, conf 0.64; wrong
101_3.wsq: is A; nn: hyp R, conf 0.46; conup n; hyp R, conf 0.46; wrong
101_4.wsq: is A; nn: hyp R, conf 0.35; conup n; hyp R, conf 0.35; wrong
101_5.wsq: is A; nn: hyp R, conf 0.65; conup n; hyp R, conf 0.65; wrong
101_6.wsq: is A; nn: hyp R, conf 0.57; conup n; hyp R, conf 0.57; wrong
101_7.wsq: is A; nn: hyp L, conf 0.37; conup n; hyp L, conf 0.37; wrong
101_8.wsq: is A; nn: hyp R, conf 0.51; conup n; hyp R, conf 0.51; wrong
102_1.wsq: is A; nn: hyp R, conf 0.59; conup n; hyp R, conf 0.59; wrong
102_2.wsq: is A; nn: hyp R, conf 1.00; conup n; hyp R, conf 1.00; wrong
102_3.wsq: is A; nn: hyp R, conf 0.96; conup n; hyp R, conf 0.96; wrong
102_4.wsq: is A; nn: hyp R, conf 0.97; conup n; hyp R, conf 0.97; wrong
102_5.wsq: is A; nn: hyp R, conf 1.00; conup n; hyp R, conf 1.00; wrong
102_6.wsq: is A; nn: hyp R, conf 0.99; conup n; hyp R, conf 0.99; wrong
102_7.wsq: is A; nn: hyp R, conf 1.00; conup n; hyp R, conf 1.00; wrong
102_8.wsq: is A; nn: hyp R, conf 0.87; conup n; hyp R, conf 0.87; wrong
103_1.wsq: is A; nn: hyp L, conf 0.96; conup n; hyp L, conf 0.96; wrong
103_2.wsq: is A; nn: hyp L, conf 0.93; conup n; hyp L, conf 0.93; wrong
103_3.wsq: is A; nn: hyp L, conf 1.00; conup n; hyp L, conf 1.00; wrong
103_4.wsq: is A; nn: hyp L, conf 0.99; conup n; hyp L, conf 0.99; wrong
103_5.wsq: is A; nn: hyp L, conf 1.00; conup n; hyp L, conf 1.00; wrong
103_6.wsq: is A; nn: hyp L, conf 0.99; conup n; hyp L, conf 0.99; wrong
103_7.wsq: is A; nn: hyp L, conf 1.00; conup n; hyp L, conf 1.00; wrong
103_8.wsq: is A; nn: hyp L, conf 0.98; conup n; hyp L, conf 0.98; wrong
104_1.wsq: is A; nn: hyp L, conf 0.97; conup n; hyp L, conf 0.97; wrong
104_2.wsq: is A; nn: hyp L, conf 0.94; conup n; hyp L, conf 0.94; wrong
104_3.wsq: is A; nn: hyp L, conf 0.99; conup n; hyp L, conf 0.99; wrong
104_4.wsq: is A; nn: hyp L, conf 0.98; conup n; hyp L, conf 0.98; wrong
104_5.wsq: is A; nn: hyp L, conf 0.98; conup n; hyp L, conf 0.98; wrong
104_6.wsq: is A; nn: hyp L, conf 1.00; conup n; hyp L, conf 1.00; wrong
104_7.wsq: is A; nn: hyp L, conf 1.00; conup n; hyp L, conf 1.00; wrong
104_8.wsq: is A; nn: hyp L, conf 1.00; conup n; hyp L, conf 1.00; wrong
105_1.wsq: is A; nn: hyp L, conf 0.77; conup n; hyp L, conf 0.77; wrong
105_2.wsq: is A; nn: hyp L, conf 0.97; conup n; hyp L, conf 0.97; wrong
105_3.wsq: is A; nn: hyp L, conf 0.99; conup n; hyp L, conf 0.99; wrong
105_4.wsq: is A; nn: hyp L, conf 0.92; conup n; hyp L, conf 0.92; wrong
105_5.wsq: is A; nn: hyp L, conf 1.00; conup n; hyp L, conf 1.00; wrong
105_6.wsq: is A; nn: hyp L, conf 0.97; conup n; hyp L, conf 0.97; wrong
105_7.wsq: is A; nn: hyp L, conf 1.00; conup n; hyp L, conf 1.00; wrong
105_8.wsq: is A; nn: hyp L, conf 0.97; conup n; hyp L, conf 0.97; wrong
106_1.wsq: is A; nn: hyp R, conf 0.94; conup n; hyp R, conf 0.94; wrong
106_2.wsq: is A; nn: hyp R, conf 0.99; conup n; hyp R, conf 0.99; wrong
106_3.wsq: is A; nn: hyp R, conf 0.99; conup n; hyp R, conf 0.99; wrong
106_4.wsq: is A; nn: hyp R, conf 1.00; conup n; hyp R, conf 1.00; wrong
106_5.wsq: is A; nn: hyp R, conf 0.49; conup n; hyp R, conf 0.49; wrong
106_6.wsq: is A; nn: hyp R, conf 0.98; conup n; hyp R, conf 0.98; wrong
106_7.wsq: is A; nn: hyp R, conf 1.00; conup n; hyp R, conf 1.00; wrong
106_8.wsq: is A; nn: hyp R, conf 0.99; conup n; hyp R, conf 0.99; wrong
107_1.wsq: is A; nn: hyp L, conf 0.99; conup n; hyp L, conf 0.99; wrong
107_2.wsq: is A; nn: hyp L, conf 0.99; conup n; hyp L, conf 0.99; wrong
107_3.wsq: is A; nn: hyp L, conf 1.00; conup n; hyp L, conf 1.00; wrong
107_4.wsq: is A; nn: hyp L, conf 0.99; conup n; hyp L, conf 0.99; wrong
107_5.wsq: is A; nn: hyp L, conf 0.97; conup n; hyp L, conf 0.97; wrong
107_6.wsq: is A; nn: hyp L, conf 1.00; conup n; hyp L, conf 1.00; wrong
107_7.wsq: is A; nn: hyp L, conf 0.97; conup n; hyp L, conf 0.97; wrong
107_8.wsq: is A; nn: hyp L, conf 0.99; conup n; hyp L, conf 0.99; wrong
108_1.wsq: is A; nn: hyp L, conf 0.83; conup n; hyp L, conf 0.83; wrong
108_2.wsq: is A; nn: hyp L, conf 0.85; conup n; hyp L, conf 0.85; wrong
108_3.wsq: is A; nn: hyp L, conf 0.98; conup n; hyp L, conf 0.98; wrong
108_4.wsq: is A; nn: hyp L, conf 1.00; conup n; hyp L, conf 1.00; wrong
108_5.wsq: is A; nn: hyp L, conf 0.99; conup n; hyp L, conf 0.99; wrong
108_6.wsq: is A; nn: hyp L, conf 1.00; conup n; hyp L, conf 1.00; wrong
108_7.wsq: is A; nn: hyp L, conf 1.00; conup n; hyp L, conf 1.00; wrong
108_8.wsq: is A; nn: hyp L, conf 1.00; conup n; hyp L, conf 1.00; wrong
109_1.wsq: is A; nn: hyp W, conf 1.00; conup y; hyp W, conf 1.00; wrong
109_2.wsq: is A; nn: hyp W, conf 0.83; conup y; hyp W, conf 1.00; wrong
109_3.wsq: is A; nn: hyp W, conf 1.00; conup y; hyp W, conf 1.00; wrong
109_4.wsq: is A; nn: hyp W, conf 1.00; conup y; hyp W, conf 1.00; wrong
109_5.wsq: is A; nn: hyp W, conf 1.00; conup y; hyp W, conf 1.00; wrong
109_6.wsq: is A; nn: hyp W, conf 0.99; conup y; hyp W, conf 1.00; wrong
109_7.wsq: is A; nn: hyp W, conf 1.00; conup y; hyp W, conf 1.00; wrong
109_8.wsq: is A; nn: hyp W, conf 0.92; conup y; hyp W, conf 1.00; wrong
110_1.wsq: is A; nn: hyp W, conf 0.55; conup y; hyp W, conf 1.00; wrong
110_2.wsq: is A; nn: hyp W, conf 0.89; conup y; hyp W, conf 1.00; wrong
110_3.wsq: is A; nn: hyp W, conf 0.97; conup y; hyp W, conf 1.00; wrong
110_4.wsq: is A; nn: hyp W, conf 0.92; conup y; hyp W, conf 1.00; wrong
110_5.wsq: is A; nn: hyp W, conf 0.99; conup y; hyp W, conf 1.00; wrong
110_6.wsq: is A; nn: hyp W, conf 0.84; conup y; hyp W, conf 1.00; wrong
110_7.wsq: is A; nn: hyp W, conf 0.78; conup y; hyp W, conf 1.00; wrong
110_8.wsq: is A; nn: hyp W, conf 0.92; conup y; hyp W, conf 1.00; wrong

pct error: 100.00

          A           L           R           S           T           W 
A     0(  0.0)   41( 51.2)   23( 28.8)    0(  0.0)    0(  0.0)   16( 20.0)
L     0(  -  )    0(  -  )    0(  -  )    0(  -  )    0(  -  )    0(  -  )
R     0(  -  )    0(  -  )    0(  -  )    0(  -  )    0(  -  )    0(  -  )
S     0(  -  )    0(  -  )    0(  -  )    0(  -  )    0(  -  )    0(  -  )
T     0(  -  )    0(  -  )    0(  -  )    0(  -  )    0(  -  )    0(  -  )
W     0(  -  )    0(  -  )    0(  -  )    0(  -  )    0(  -  )    0(  -  )
